# JRE version: Java(TM) SE Runtime Environment (14.0.2+12) (build 14.0.2+12-46)
# Java VM: Java HotSpot(TM) 64-Bit Server VM (14.0.2+12-46, mixed mode, sharing, tiered, compressed oops, g1 gc, windows-amd64)
Heap:
 garbage-first heap   total 415744K, used 55306K [0x0000000081600000, 0x0000000100000000)
  region size 1024K, 6 young (6144K), 6 survivors (6144K)
 Metaspace       used 59748K, capacity 61166K, committed 61472K, reserved 1103872K
  class space    used 7422K, capacity 7957K, committed 8064K, reserved 1048576K
GC Heap History (20 events):
Event: 52.236 GC heap after
{Heap after GC invocations=163 (full 0):
 garbage-first heap   total 346112K, used 51776K [0x0000000081600000, 0x0000000100000000)
  region size 1024K, 6 young (6144K), 6 survivors (6144K)
 Metaspace       used 59711K, capacity 61037K, committed 61216K, reserved 1101824K
  class space    used 7422K, capacity 7957K, committed 8064K, reserved 1048576K
}
Event: 52.541 GC heap before
{Heap before GC invocations=163 (full 0):
 garbage-first heap   total 346112K, used 252480K [0x0000000081600000, 0x0000000100000000)
  region size 1024K, 202 young (206848K), 6 survivors (6144K)
 Metaspace       used 59719K, capacity 61101K, committed 61472K, reserved 1103872K
  class space    used 7422K, capacity 7957K, committed 8064K, reserved 1048576K
}
Event: 52.545 GC heap after
{Heap after GC invocations=164 (full 0):
 garbage-first heap   total 346112K, used 52074K [0x0000000081600000, 0x0000000100000000)
  region size 1024K, 6 young (6144K), 6 survivors (6144K)
 Metaspace       used 59719K, capacity 61101K, committed 61472K, reserved 1103872K
  class space    used 7422K, capacity 7957K, committed 8064K, reserved 1048576K
}
Event: 52.808 GC heap before
{Heap before GC invocations=164 (full 0):
 garbage-first heap   total 346112K, used 252778K [0x0000000081600000, 0x0000000100000000)
  region size 1024K, 202 young (206848K), 6 survivors (6144K)
 Metaspace       used 59721K, capacity 61102K, committed 61472K, reserved 1103872K
  class space    used 7422K, capacity 7957K, committed 8064K, reserved 1048576K
}
Event: 52.812 GC heap after
{Heap after GC invocations=165 (full 0):
 garbage-first heap   total 346112K, used 52356K [0x0000000081600000, 0x0000000100000000)
  region size 1024K, 6 young (6144K), 6 survivors (6144K)
 Metaspace       used 59721K, capacity 61102K, committed 61472K, reserved 1103872K
  class space    used 7422K, capacity 7957K, committed 8064K, reserved 1048576K
}
Event: 53.081 GC heap before
{Heap before GC invocations=165 (full 0):
 garbage-first heap   total 346112K, used 253060K [0x0000000081600000, 0x0000000100000000)
  region size 1024K, 202 young (206848K), 6 survivors (6144K)
 Metaspace       used 59728K, capacity 61102K, committed 61472K, reserved 1103872K
  class space    used 7422K, capacity 7957K, committed 8064K, reserved 1048576K
}
Event: 53.086 GC heap after
{Heap after GC invocations=166 (full 0):
 garbage-first heap   total 346112K, used 53216K [0x0000000081600000, 0x0000000100000000)
  region size 1024K, 6 young (6144K), 6 survivors (6144K)
 Metaspace       used 59728K, capacity 61102K, committed 61472K, reserved 1103872K
  class space    used 7422K, capacity 7957K, committed 8064K, reserved 1048576K
}
Event: 53.342 GC heap before
{Heap before GC invocations=166 (full 0):
 garbage-first heap   total 346112K, used 253920K [0x0000000081600000, 0x0000000100000000)
  region size 1024K, 202 young (206848K), 6 survivors (6144K)
 Metaspace       used 59728K, capacity 61102K, committed 61472K, reserved 1103872K
  class space    used 7422K, capacity 7957K, committed 8064K, reserved 1048576K
}
Event: 53.360 GC heap after
{Heap after GC invocations=167 (full 0):
 garbage-first heap   total 346112K, used 53738K [0x0000000081600000, 0x0000000100000000)
  region size 1024K, 6 young (6144K), 6 survivors (6144K)
 Metaspace       used 59728K, capacity 61102K, committed 61472K, reserved 1103872K
  class space    used 7422K, capacity 7957K, committed 8064K, reserved 1048576K
}
Event: 53.664 GC heap before
{Heap before GC invocations=167 (full 0):
 garbage-first heap   total 346112K, used 254442K [0x0000000081600000, 0x0000000100000000)
  region size 1024K, 202 young (206848K), 6 survivors (6144K)
 Metaspace       used 59729K, capacity 61102K, committed 61472K, reserved 1103872K
  class space    used 7422K, capacity 7957K, committed 8064K, reserved 1048576K
}
Event: 53.669 GC heap after
{Heap after GC invocations=168 (full 0):
 garbage-first heap   total 346112K, used 53718K [0x0000000081600000, 0x0000000100000000)
  region size 1024K, 6 young (6144K), 6 survivors (6144K)
 Metaspace       used 59729K, capacity 61102K, committed 61472K, reserved 1103872K
  class space    used 7422K, capacity 7957K, committed 8064K, reserved 1048576K
}
Event: 53.963 GC heap before
{Heap before GC invocations=168 (full 0):
 garbage-first heap   total 346112K, used 254422K [0x0000000081600000, 0x0000000100000000)
  region size 1024K, 202 young (206848K), 6 survivors (6144K)
 Metaspace       used 59730K, capacity 61102K, committed 61472K, reserved 1103872K
  class space    used 7422K, capacity 7957K, committed 8064K, reserved 1048576K
}
Event: 53.981 GC heap after
{Heap after GC invocations=169 (full 0):
 garbage-first heap   total 346112K, used 53943K [0x0000000081600000, 0x0000000100000000)
  region size 1024K, 6 young (6144K), 6 survivors (6144K)
 Metaspace       used 59730K, capacity 61102K, committed 61472K, reserved 1103872K
  class space    used 7422K, capacity 7957K, committed 8064K, reserved 1048576K
}
Event: 54.352 GC heap before
{Heap before GC invocations=169 (full 0):
 garbage-first heap   total 346112K, used 254647K [0x0000000081600000, 0x0000000100000000)
  region size 1024K, 202 young (206848K), 6 survivors (6144K)
 Metaspace       used 59730K, capacity 61102K, committed 61472K, reserved 1103872K
  class space    used 7422K, capacity 7957K, committed 8064K, reserved 1048576K
}
Event: 54.358 GC heap after
{Heap after GC invocations=170 (full 0):
 garbage-first heap   total 346112K, used 54423K [0x0000000081600000, 0x0000000100000000)
  region size 1024K, 6 young (6144K), 6 survivors (6144K)
 Metaspace       used 59730K, capacity 61102K, committed 61472K, reserved 1103872K
  class space    used 7422K, capacity 7957K, committed 8064K, reserved 1048576K
}
Event: 54.740 GC heap before
{Heap before GC invocations=170 (full 0):
 garbage-first heap   total 346112K, used 255127K [0x0000000081600000, 0x0000000100000000)
  region size 1024K, 202 young (206848K), 6 survivors (6144K)
 Metaspace       used 59738K, capacity 61102K, committed 61472K, reserved 1103872K
  class space    used 7422K, capacity 7957K, committed 8064K, reserved 1048576K
}
Event: 54.747 GC heap after
{Heap after GC invocations=171 (full 0):
 garbage-first heap   total 346112K, used 54309K [0x0000000081600000, 0x0000000100000000)
  region size 1024K, 6 young (6144K), 6 survivors (6144K)
 Metaspace       used 59738K, capacity 61102K, committed 61472K, reserved 1103872K
  class space    used 7422K, capacity 7957K, committed 8064K, reserved 1048576K
}
Event: 55.120 GC heap before
{Heap before GC invocations=171 (full 0):
 garbage-first heap   total 346112K, used 255013K [0x0000000081600000, 0x0000000100000000)
  region size 1024K, 202 young (206848K), 6 survivors (6144K)
 Metaspace       used 59744K, capacity 61166K, committed 61472K, reserved 1103872K
  class space    used 7422K, capacity 7957K, committed 8064K, reserved 1048576K
}
Event: 55.133 GC heap after
{Heap after GC invocations=172 (full 0):
 garbage-first heap   total 346112K, used 54902K [0x0000000081600000, 0x0000000100000000)
  region size 1024K, 6 young (6144K), 6 survivors (6144K)
 Metaspace       used 59744K, capacity 61166K, committed 61472K, reserved 1103872K
  class space    used 7422K, capacity 7957K, committed 8064K, reserved 1048576K
}
Event: 55.431 GC heap before
{Heap before GC invocations=172 (full 0):
 garbage-first heap   total 346112K, used 255606K [0x0000000081600000, 0x0000000100000000)
  region size 1024K, 202 young (206848K), 6 survivors (6144K)
 Metaspace       used 59748K, capacity 61166K, committed 61472K, reserved 1103872K
  class space    used 7422K, capacity 7957K, committed 8064K, reserved 1048576K
}

